<?xml version="1.0" encoding="UTF-8"?>
<robot generator="Robot 7.2.2 (Python 3.13.0 on win32)" generated="2025-03-24T10:52:18.143295" rpa="false" schemaversion="5">
<suite id="s1" name="Health Diary Login" source="C:\Users\jespe\OneDrive\Työpöytä\HYTE-KEVÄT\Backend_Server\tests\health_diary_login.robot">
<test id="s1-t1" name="Login to Health Diary Application" line="6">
<kw name="New Browser" owner="Browser">
<msg time="2025-03-24T10:52:18.419460" level="INFO">{"browser": "chromium", "headless": false, "chromiumSandbox": false, "devtools": false, "handleSIGHUP": true, "handleSIGINT": true, "handleSIGTERM": true, "slowMo": 0.0, "timeout": 30000.0, "tracesDir": "C:\\Users\\jespe\\OneDrive\\Ty\u00f6p\u00f6yt\u00e4\\HYTE-KEV\u00c4T\\Backend_Server\\tests\\browser\\traces\\temp\\058e364f-3366-48ee-9d36-aba18de222a5"}</msg>
<msg time="2025-03-24T10:52:18.443822" level="INFO">Starting Browser process C:\Users\jespe\OneDrive\Työpöytä\HYTE-KEVÄT\Backend_Server\.venv\Lib\site-packages\Browser\wrapper\index.js using port 55535</msg>
<msg time="2025-03-24T10:52:18.443996" level="INFO">Node startup parameters: ['node', 'C:\\Users\\jespe\\OneDrive\\Työpöytä\\HYTE-KEVÄT\\Backend_Server\\.venv\\Lib\\site-packages\\Browser\\wrapper\\index.js', '55535']</msg>
<msg time="2025-03-24T10:52:19.904547" level="INFO">Successfully created browser with options: {"browser":"chromium","headless":false,"chromiumSandbox":false,"devtools":false,"handleSIGHUP":true,"handleSIGINT":true,"handleSIGTERM":true,"slowMo":0,"timeout":30000,"tracesDir":"C:\\Users\\jespe\\OneDrive\\Työpöytä\\HYTE-KEVÄT\\Backend_Server\\tests\\browser\\traces\\temp\\058e364f-3366-48ee-9d36-aba18de222a5"}</msg>
<arg>chromium</arg>
<arg>headless=No</arg>
<tag>BrowserControl</tag>
<tag>Setter</tag>
<doc>Create a new playwright Browser with specified options.</doc>
<status status="PASS" start="2025-03-24T10:52:18.418263" elapsed="1.486636"/>
</kw>
<kw name="New Page" owner="Browser">
<msg time="2025-03-24T10:52:20.528050" level="INFO">Successfully initialized new page object and opened url: http://127.0.0.1:5500/frontend/index.html</msg>
<msg time="2025-03-24T10:52:20.528163" level="INFO">No context was open. New context was automatically opened when this page is created.</msg>
<arg>http://127.0.0.1:5500/frontend/index.html</arg>
<tag>BrowserControl</tag>
<tag>Setter</tag>
<doc>Open a new Page.</doc>
<status status="PASS" start="2025-03-24T10:52:19.905684" elapsed="0.622749"/>
</kw>
<kw name="Get Title" owner="Browser">
<msg time="2025-03-24T10:52:20.541520" level="INFO">Title: 'TerveysPlus - Hyvinvointisi seuranta'</msg>
<msg time="2025-03-24T10:52:20.541765" level="INFO">${PageTitle} = TerveysPlus - Hyvinvointisi seuranta</msg>
<var>${PageTitle}</var>
<tag>Assertion</tag>
<tag>Getter</tag>
<tag>PageContent</tag>
<doc>Returns the title of the current page.</doc>
<status status="PASS" start="2025-03-24T10:52:20.528868" elapsed="0.012923"/>
</kw>
<kw name="Should Contain" owner="BuiltIn">
<arg>${PageTitle}</arg>
<arg>TerveysPlus</arg>
<doc>Fails if ``container`` does not contain ``item`` one or more times.</doc>
<status status="PASS" start="2025-03-24T10:52:20.542216" elapsed="0.000585"/>
</kw>
<kw name="Wait For Elements State" owner="Browser">
<msg time="2025-03-24T10:52:20.569530" level="INFO">Waited for Element with selector id=login-form at state visible</msg>
<arg>id=login-form</arg>
<arg>visible</arg>
<tag>PageContent</tag>
<tag>Wait</tag>
<doc>Waits for the element found by ``selector`` to satisfy state option.</doc>
<status status="PASS" start="2025-03-24T10:52:20.543146" elapsed="0.026631"/>
</kw>
<kw name="Get Element" owner="Browser">
<msg time="2025-03-24T10:52:20.578228" level="INFO">Locator found successfully.</msg>
<msg time="2025-03-24T10:52:20.578561" level="INFO">${loginTab} = id=login-tab</msg>
<var>${loginTab}</var>
<arg>id=login-tab</arg>
<tag>Getter</tag>
<tag>PageContent</tag>
<doc>Returns a reference to a Playwright [https://playwright.dev/docs/api/class-locator|Locator].</doc>
<status status="PASS" start="2025-03-24T10:52:20.570226" elapsed="0.008356"/>
</kw>
<kw name="Get Property" owner="Browser">
<msg time="2025-03-24T10:52:20.601488" level="INFO">Property: 'auth-tab active'</msg>
<msg time="2025-03-24T10:52:20.601701" level="INFO">${loginTabClass} = auth-tab active</msg>
<var>${loginTabClass}</var>
<arg>${loginTab}</arg>
<arg>className</arg>
<tag>Assertion</tag>
<tag>Getter</tag>
<tag>PageContent</tag>
<doc>Returns the ``property`` of the element found by ``selector``.</doc>
<status status="PASS" start="2025-03-24T10:52:20.578996" elapsed="0.022744"/>
</kw>
<kw name="Should Contain" owner="BuiltIn">
<arg>${loginTabClass}</arg>
<arg>active</arg>
<doc>Fails if ``container`` does not contain ``item`` one or more times.</doc>
<status status="PASS" start="2025-03-24T10:52:20.602223" elapsed="0.000512"/>
</kw>
<kw name="Type Text" owner="Browser">
<msg time="2025-03-24T10:52:20.603473" level="INFO">Types the text 'Jesperx1' in the given field.</msg>
<arg>id=login-username</arg>
<arg>${Username}</arg>
<tag>PageContent</tag>
<tag>Setter</tag>
<doc>Types the given ``txt`` into the text field found by ``selector``.</doc>
<status status="PASS" start="2025-03-24T10:52:20.603024" elapsed="0.052845"/>
</kw>
<kw name="Type Secret" owner="Browser">
<arg>id=login-password</arg>
<arg>$Password</arg>
<tag>PageContent</tag>
<tag>Setter</tag>
<doc>Types the given secret from ``variable_name`` into the text field
found by ``selector``.</doc>
<status status="PASS" start="2025-03-24T10:52:20.656464" elapsed="0.035196"/>
</kw>
<kw name="Get Property" owner="Browser">
<msg time="2025-03-24T10:52:20.704961" level="INFO">Property: 'Jesperx1'</msg>
<msg time="2025-03-24T10:52:20.705142" level="INFO">${username_value} = Jesperx1</msg>
<var>${username_value}</var>
<arg>id=login-username</arg>
<arg>value</arg>
<tag>Assertion</tag>
<tag>Getter</tag>
<tag>PageContent</tag>
<doc>Returns the ``property`` of the element found by ``selector``.</doc>
<status status="PASS" start="2025-03-24T10:52:20.692074" elapsed="0.013101"/>
</kw>
<kw name="Log" owner="BuiltIn">
<msg time="2025-03-24T10:52:20.705846" level="INFO">Username field value: Jesperx1</msg>
<arg>Username field value: ${username_value}</arg>
<doc>Logs the given message with the given level.</doc>
<status status="PASS" start="2025-03-24T10:52:20.705566" elapsed="0.000312"/>
</kw>
<kw name="Click" owner="Browser">
<msg time="2025-03-24T10:52:20.706395" level="INFO">Clicks the element 'css=#login-form button[type="submit"]'.</msg>
<arg>css=#login-form button[type="submit"]</arg>
<tag>PageContent</tag>
<tag>Setter</tag>
<doc>Simulates mouse click on the element found by ``selector``.</doc>
<status status="PASS" start="2025-03-24T10:52:20.706049" elapsed="0.033361"/>
</kw>
<kw name="Sleep" owner="BuiltIn">
<msg time="2025-03-24T10:52:23.740389" level="INFO">Slept 3 seconds.</msg>
<arg>3s</arg>
<doc>Pauses the test executed for the given time.</doc>
<status status="PASS" start="2025-03-24T10:52:20.739811" elapsed="3.000852"/>
</kw>
<kw name="Get Url" owner="Browser">
<msg time="2025-03-24T10:52:23.745399" level="INFO">${currentUrl} = http://127.0.0.1:5500/frontend/src/pages/dashboard.html</msg>
<var>${currentUrl}</var>
<tag>Assertion</tag>
<tag>Getter</tag>
<tag>PageContent</tag>
<doc>Returns the current URL.</doc>
<status status="PASS" start="2025-03-24T10:52:23.741432" elapsed="0.004017"/>
</kw>
<kw name="Log" owner="BuiltIn">
<msg time="2025-03-24T10:52:23.746305" level="INFO">Current URL after login: http://127.0.0.1:5500/frontend/src/pages/dashboard.html</msg>
<arg>Current URL after login: ${currentUrl}</arg>
<doc>Logs the given message with the given level.</doc>
<status status="PASS" start="2025-03-24T10:52:23.745851" elapsed="0.000481"/>
</kw>
<kw name="Get Page Source" owner="Browser">
<msg time="2025-03-24T10:52:23.757392" level="INFO">${pageSource} = &lt;!DOCTYPE html&gt;&lt;html lang="fi"&gt;&lt;head&gt;
    &lt;meta charset="UTF-8"&gt;
    &lt;meta name="viewport" content="width=device-width, initial-scale=1.0"&gt;
    &lt;title&gt;TerveysPlus - Etusivu&lt;/title&gt;
    &lt;link rel="styl...</msg>
<var>${pageSource}</var>
<tag>Assertion</tag>
<tag>Getter</tag>
<tag>PageContent</tag>
<doc>Gets pages HTML source as a string.</doc>
<status status="PASS" start="2025-03-24T10:52:23.746536" elapsed="0.011114"/>
</kw>
<kw name="Run Keyword And Return Status" owner="BuiltIn">
<kw name="Should Not Contain" owner="BuiltIn">
<arg>${pageSource}</arg>
<arg>Bad username/password</arg>
<doc>Fails if ``container`` contains ``item`` one or more times.</doc>
<status status="PASS" start="2025-03-24T10:52:23.759898" elapsed="0.000398"/>
</kw>
<msg time="2025-03-24T10:52:23.760369" level="INFO">${hasLoginError} = True</msg>
<var>${hasLoginError}</var>
<arg>Should Not Contain</arg>
<arg>${pageSource}</arg>
<arg>Bad username/password</arg>
<doc>Runs the given keyword with given arguments and returns the status as a Boolean value.</doc>
<status status="PASS" start="2025-03-24T10:52:23.759049" elapsed="0.001335"/>
</kw>
<kw name="Run Keyword If" owner="BuiltIn">
<arg>not ${hasLoginError}</arg>
<arg>Fail</arg>
<arg>Login failed: Bad username/password</arg>
<doc>Runs the given keyword with the given arguments, if ``condition`` is true.</doc>
<status status="PASS" start="2025-03-24T10:52:23.760589" elapsed="0.000232"/>
</kw>
<kw name="Run Keyword And Return Status" owner="BuiltIn">
<kw name="Wait For Elements State" owner="Browser">
<msg time="2025-03-24T10:52:23.779686" level="INFO">Waited for Element with selector id=user-greeting at state visible</msg>
<arg>id=user-greeting</arg>
<arg>visible</arg>
<arg>timeout=5s</arg>
<tag>PageContent</tag>
<tag>Wait</tag>
<doc>Waits for the element found by ``selector`` to satisfy state option.</doc>
<status status="PASS" start="2025-03-24T10:52:23.761208" elapsed="0.018907"/>
</kw>
<msg time="2025-03-24T10:52:23.780484" level="INFO">${isDashboardVisible} = True</msg>
<var>${isDashboardVisible}</var>
<arg>Wait For Elements State</arg>
<arg>id=user-greeting</arg>
<arg>visible</arg>
<arg>timeout=5s</arg>
<doc>Runs the given keyword with given arguments and returns the status as a Boolean value.</doc>
<status status="PASS" start="2025-03-24T10:52:23.761033" elapsed="0.019486"/>
</kw>
<kw name="Log" owner="BuiltIn">
<msg time="2025-03-24T10:52:23.781833" level="INFO">Dashboard elements visible: True</msg>
<arg>Dashboard elements visible: ${isDashboardVisible}</arg>
<doc>Logs the given message with the given level.</doc>
<status status="PASS" start="2025-03-24T10:52:23.781066" elapsed="0.000835"/>
</kw>
<kw name="Run Keyword If" owner="BuiltIn">
<kw name="Log" owner="BuiltIn">
<msg time="2025-03-24T10:52:23.784409" level="INFO">Successfully redirected to dashboard</msg>
<arg>Successfully redirected to dashboard</arg>
<doc>Logs the given message with the given level.</doc>
<status status="PASS" start="2025-03-24T10:52:23.784206" elapsed="0.000251"/>
</kw>
<arg>${isDashboardVisible}</arg>
<arg>Log</arg>
<arg>Successfully redirected to dashboard</arg>
<doc>Runs the given keyword with the given arguments, if ``condition`` is true.</doc>
<status status="PASS" start="2025-03-24T10:52:23.782381" elapsed="0.002123"/>
</kw>
<kw name="Run Keyword And Return Status" owner="BuiltIn">
<kw name="Get Element" owner="Browser">
<msg time="2025-03-24T10:52:33.979802" level="INFO" html="true">&lt;/td&gt;&lt;/tr&gt;&lt;tr&gt;&lt;td colspan="3"&gt;&lt;a href="browser/screenshot/fail-screenshot-1.png" target="_blank"&gt;&lt;img src="browser/screenshot/fail-screenshot-1.png" width="800px"/&gt;&lt;/a&gt;</msg>
<msg time="2025-03-24T10:52:33.981054" level="INFO">See also file:///C:/Users/jespe/OneDrive/Ty%C3%B6p%C3%B6yt%C3%A4/HYTE-KEV%C3%84T/Backend_Server/tests/playwright-log-1742806338383454900.txt for additional details.</msg>
<msg time="2025-03-24T10:52:33.981633" level="FAIL">TimeoutError: locator.waitFor: Timeout 10000ms exceeded.
Call log:
  - waiting for locator('text="Go to Dashboard"').filter({ visible: true })
</msg>
<arg>text="Go to Dashboard" &gt;&gt; visible=true</arg>
<tag>Getter</tag>
<tag>PageContent</tag>
<doc>Returns a reference to a Playwright [https://playwright.dev/docs/api/class-locator|Locator].</doc>
<status status="FAIL" start="2025-03-24T10:52:23.784998" elapsed="10.202707">TimeoutError: locator.waitFor: Timeout 10000ms exceeded.
Call log:
  - waiting for locator('text="Go to Dashboard"').filter({ visible: true })
</status>
</kw>
<msg time="2025-03-24T10:52:33.987952" level="INFO">${hasRedirectButton} = False</msg>
<var>${hasRedirectButton}</var>
<arg>Get Element</arg>
<arg>text="Go to Dashboard" &gt;&gt; visible=true</arg>
<doc>Runs the given keyword with given arguments and returns the status as a Boolean value.</doc>
<status status="PASS" start="2025-03-24T10:52:23.784757" elapsed="10.203237"/>
</kw>
<kw name="Run Keyword If" owner="BuiltIn">
<arg>${hasRedirectButton}</arg>
<arg>Click</arg>
<arg>text="Go to Dashboard"</arg>
<doc>Runs the given keyword with the given arguments, if ``condition`` is true.</doc>
<status status="PASS" start="2025-03-24T10:52:33.988531" elapsed="0.000582"/>
</kw>
<kw name="Wait For Elements State" owner="Browser">
<msg time="2025-03-24T10:52:33.998710" level="INFO">Waited for Element with selector id=user-greeting at state visible</msg>
<arg>id=user-greeting</arg>
<arg>visible</arg>
<arg>timeout=5s</arg>
<tag>PageContent</tag>
<tag>Wait</tag>
<doc>Waits for the element found by ``selector`` to satisfy state option.</doc>
<status status="PASS" start="2025-03-24T10:52:33.989445" elapsed="0.009580"/>
</kw>
<kw name="Close Browser" owner="Browser">
<msg time="2025-03-24T10:52:34.532819" level="INFO">Closed browser</msg>
<tag>BrowserControl</tag>
<tag>Setter</tag>
<doc>Closes the current browser.</doc>
<status status="PASS" start="2025-03-24T10:52:33.999843" elapsed="0.533502"/>
</kw>
<status status="PASS" start="2025-03-24T10:52:18.416447" elapsed="16.117620"/>
</test>
<status status="PASS" start="2025-03-24T10:52:18.144847" elapsed="16.427293"/>
</suite>
<statistics>
<total>
<stat pass="1" fail="0" skip="0">All Tests</stat>
</total>
<tag>
</tag>
<suite>
<stat name="Health Diary Login" id="s1" pass="1" fail="0" skip="0">Health Diary Login</stat>
</suite>
</statistics>
<errors>
</errors>
</robot>
