<?xml version="1.0" encoding="UTF-8"?>
<robot generator="Robot 7.2.2 (Python 3.13.0 on win32)" generated="2025-04-23T16:49:35.938637" rpa="false" schemaversion="5">
<suite id="s1" name="Encrypted Login Test" source="C:\Users\jespe\OneDrive\Työpöytä\HYTE-KEVÄT\Backend_Server\tests\encrypted_login_test.robot">
<test id="s1-t1" name="Login to Health Diary Application" line="10">
<msg time="2025-04-23T16:49:36.367985" level="INFO">Decrypting text and return value.</msg>
<kw name="New Browser" owner="Browser">
<msg time="2025-04-23T16:49:36.371388" level="INFO">{"browser": "chromium", "headless": false, "chromiumSandbox": false, "devtools": false, "handleSIGHUP": true, "handleSIGINT": true, "handleSIGTERM": true, "slowMo": 0.0, "timeout": 30000.0, "tracesDir": "C:\\Users\\jespe\\OneDrive\\Ty\u00f6p\u00f6yt\u00e4\\HYTE-KEV\u00c4T\\Backend_Server\\tests\\outputs\\browser\\traces\\temp\\8c071bdf-6edf-4452-ad04-205ea2fa26a2"}</msg>
<msg time="2025-04-23T16:49:36.391727" level="INFO">Starting Browser process C:\Users\jespe\OneDrive\Työpöytä\HYTE-KEVÄT\Backend_Server\.venv\Lib\site-packages\Browser\wrapper\index.js using port 63842</msg>
<msg time="2025-04-23T16:49:36.391883" level="INFO">Node startup parameters: ['node', 'C:\\Users\\jespe\\OneDrive\\Työpöytä\\HYTE-KEVÄT\\Backend_Server\\.venv\\Lib\\site-packages\\Browser\\wrapper\\index.js', '63842']</msg>
<msg time="2025-04-23T16:49:37.154836" level="INFO">Successfully created browser with options: {"browser":"chromium","headless":false,"chromiumSandbox":false,"devtools":false,"handleSIGHUP":true,"handleSIGINT":true,"handleSIGTERM":true,"slowMo":0,"timeout":30000,"tracesDir":"C:\\Users\\jespe\\OneDrive\\Työpöytä\\HYTE-KEVÄT\\Backend_Server\\tests\\outputs\\browser\\traces\\temp\\8c071bdf-6edf-4452-ad04-205ea2fa26a2"}</msg>
<arg>chromium</arg>
<arg>headless=No</arg>
<tag>BrowserControl</tag>
<tag>Setter</tag>
<doc>Create a new playwright Browser with specified options.</doc>
<status status="PASS" start="2025-04-23T16:49:36.370659" elapsed="0.784625"/>
</kw>
<kw name="New Page" owner="Browser">
<msg time="2025-04-23T16:49:37.540383" level="INFO">Successfully initialized new page object and opened url: http://127.0.0.1:5500/frontend/index.html</msg>
<msg time="2025-04-23T16:49:37.540788" level="INFO">No context was open. New context was automatically opened when this page is created.</msg>
<arg>http://127.0.0.1:5500/frontend/index.html</arg>
<tag>BrowserControl</tag>
<tag>Setter</tag>
<doc>Open a new Page.</doc>
<status status="PASS" start="2025-04-23T16:49:37.155912" elapsed="0.385472"/>
</kw>
<kw name="Get Title" owner="Browser">
<msg time="2025-04-23T16:49:37.554553" level="INFO">Title: 'TerveysPlus - Hyvinvointisi seuranta'</msg>
<msg time="2025-04-23T16:49:37.554739" level="INFO">${PageTitle} = TerveysPlus - Hyvinvointisi seuranta</msg>
<var>${PageTitle}</var>
<tag>Assertion</tag>
<tag>Getter</tag>
<tag>PageContent</tag>
<doc>Returns the title of the current page.</doc>
<status status="PASS" start="2025-04-23T16:49:37.542080" elapsed="0.012690"/>
</kw>
<kw name="Should Contain" owner="BuiltIn">
<arg>${PageTitle}</arg>
<arg>TerveysPlus</arg>
<doc>Fails if ``container`` does not contain ``item`` one or more times.</doc>
<status status="PASS" start="2025-04-23T16:49:37.555173" elapsed="0.000488"/>
</kw>
<kw name="Wait For Elements State" owner="Browser">
<msg time="2025-04-23T16:49:37.588605" level="INFO">Waited for Element with selector id=login-form at state visible</msg>
<arg>id=login-form</arg>
<arg>visible</arg>
<tag>PageContent</tag>
<tag>Wait</tag>
<doc>Waits for the element found by ``selector`` to satisfy state option.</doc>
<status status="PASS" start="2025-04-23T16:49:37.555921" elapsed="0.032886"/>
</kw>
<kw name="Get Element" owner="Browser">
<msg time="2025-04-23T16:49:37.600949" level="INFO">Locator found successfully.</msg>
<msg time="2025-04-23T16:49:37.601418" level="INFO">${loginTab} = id=login-tab</msg>
<var>${loginTab}</var>
<arg>id=login-tab</arg>
<tag>Getter</tag>
<tag>PageContent</tag>
<doc>Returns a reference to a Playwright [https://playwright.dev/docs/api/class-locator|Locator].</doc>
<status status="PASS" start="2025-04-23T16:49:37.589215" elapsed="0.012262"/>
</kw>
<kw name="Get Property" owner="Browser">
<msg time="2025-04-23T16:49:37.626638" level="INFO">Property: 'auth-tab active'</msg>
<msg time="2025-04-23T16:49:37.626826" level="INFO">${loginTabClass} = auth-tab active</msg>
<var>${loginTabClass}</var>
<arg>${loginTab}</arg>
<arg>className</arg>
<tag>Assertion</tag>
<tag>Getter</tag>
<tag>PageContent</tag>
<doc>Returns the ``property`` of the element found by ``selector``.</doc>
<status status="PASS" start="2025-04-23T16:49:37.601957" elapsed="0.024903"/>
</kw>
<kw name="Should Contain" owner="BuiltIn">
<arg>${loginTabClass}</arg>
<arg>active</arg>
<doc>Fails if ``container`` does not contain ``item`` one or more times.</doc>
<status status="PASS" start="2025-04-23T16:49:37.627199" elapsed="0.000397"/>
</kw>
<kw name="Set Variable" owner="BuiltIn">
<msg time="2025-04-23T16:49:37.628061" level="INFO">${username} = crypt:gAAAAABn8XEDmhBCM_P8EmS_oUJGLrKfv4tFyHMvYk4AL6Ev-0VtzbfIH5LQT6Z2O_IETH9M1-t5n9l7_9V51JYNjGFN9dl7aw==</msg>
<var>${username}</var>
<arg>${Username}</arg>
<doc>Returns the given values which can then be assigned to a variables.</doc>
<status status="PASS" start="2025-04-23T16:49:37.627780" elapsed="0.000318"/>
</kw>
<kw name="Set Variable" owner="BuiltIn">
<msg time="2025-04-23T16:49:37.628739" level="INFO">${password} = crypt:gAAAAABn8XEDWPw2GN-Ktg78CeqIg7qOr2QnnJaBRieg3iFVB5yW-fMc_7Q1f9hECRbbGEhzWg43EHlmGoOM9H5Ey6W7Af7MbQ==</msg>
<var>${password}</var>
<arg>${Password}</arg>
<doc>Returns the given values which can then be assigned to a variables.</doc>
<status status="PASS" start="2025-04-23T16:49:37.628470" elapsed="0.000296"/>
</kw>
<kw name="Type Text" owner="Browser">
<msg time="2025-04-23T16:49:37.629420" level="INFO">Types the text 'crypt:gAAAAABn8XEDmhBCM_P8EmS_oUJGLrKfv4tFyHMvYk4AL6Ev-0VtzbfIH5LQT6Z2O_IETH9M1-t5n9l7_9V51JYNjGFN9dl7aw==' in the given field.</msg>
<arg>id=login-username</arg>
<arg>${username}</arg>
<tag>PageContent</tag>
<tag>Setter</tag>
<doc>Types the given ``txt`` into the text field found by ``selector``.</doc>
<status status="PASS" start="2025-04-23T16:49:37.628939" elapsed="0.327889"/>
</kw>
<kw name="Type Secret" owner="Browser">
<arg>id=login-password</arg>
<arg>${password}</arg>
<tag>PageContent</tag>
<tag>Setter</tag>
<doc>Types the given secret from ``variable_name`` into the text field
found by ``selector``.</doc>
<status status="FAIL" start="2025-04-23T16:49:37.957222" elapsed="0.003232">ValueError: Direct assignment of values or variables as 'secret' is not allowed. Use special variable syntax ($var instead of ${var}) to prevent variable values from being spoiled.</status>
</kw>
<kw name="Get Property" owner="Browser">
<var>${username_value}</var>
<arg>id=login-username</arg>
<arg>value</arg>
<tag>Assertion</tag>
<tag>Getter</tag>
<tag>PageContent</tag>
<doc>Returns the ``property`` of the element found by ``selector``.</doc>
<status status="NOT RUN" start="2025-04-23T16:49:37.960678" elapsed="0.000113"/>
</kw>
<kw name="Log" owner="BuiltIn">
<arg>Username field value: ${username_value}</arg>
<doc>Logs the given message with the given level.</doc>
<status status="NOT RUN" start="2025-04-23T16:49:37.960935" elapsed="0.000087"/>
</kw>
<kw name="Click" owner="Browser">
<arg>css=#login-form button[type="submit"]</arg>
<tag>PageContent</tag>
<tag>Setter</tag>
<doc>Simulates mouse click on the element found by ``selector``.</doc>
<status status="NOT RUN" start="2025-04-23T16:49:37.961132" elapsed="0.000084"/>
</kw>
<kw name="Sleep" owner="BuiltIn">
<arg>3s</arg>
<doc>Pauses the test executed for the given time.</doc>
<status status="NOT RUN" start="2025-04-23T16:49:37.961334" elapsed="0.000081"/>
</kw>
<kw name="Get Url" owner="Browser">
<var>${currentUrl}</var>
<tag>Assertion</tag>
<tag>Getter</tag>
<tag>PageContent</tag>
<doc>Returns the current URL.</doc>
<status status="NOT RUN" start="2025-04-23T16:49:37.961522" elapsed="0.000083"/>
</kw>
<kw name="Log" owner="BuiltIn">
<arg>Current URL after login: ${currentUrl}</arg>
<doc>Logs the given message with the given level.</doc>
<status status="NOT RUN" start="2025-04-23T16:49:37.961842" elapsed="0.000099"/>
</kw>
<kw name="Get Page Source" owner="Browser">
<var>${pageSource}</var>
<tag>Assertion</tag>
<tag>Getter</tag>
<tag>PageContent</tag>
<doc>Gets pages HTML source as a string.</doc>
<status status="NOT RUN" start="2025-04-23T16:49:37.962142" elapsed="0.000171"/>
</kw>
<kw name="Run Keyword And Return Status" owner="BuiltIn">
<var>${hasLoginError}</var>
<arg>Should Not Contain</arg>
<arg>${pageSource}</arg>
<arg>Bad username/password</arg>
<doc>Runs the given keyword with given arguments and returns the status as a Boolean value.</doc>
<status status="NOT RUN" start="2025-04-23T16:49:37.962555" elapsed="0.000189"/>
</kw>
<kw name="Run Keyword If" owner="BuiltIn">
<arg>not ${hasLoginError}</arg>
<arg>Fail</arg>
<arg>Login failed: Bad username/password</arg>
<doc>Runs the given keyword with the given arguments, if ``condition`` is true.</doc>
<status status="NOT RUN" start="2025-04-23T16:49:37.963270" elapsed="0.000174"/>
</kw>
<kw name="Run Keyword And Return Status" owner="BuiltIn">
<var>${isDashboardVisible}</var>
<arg>Wait For Elements State</arg>
<arg>id=user-greeting</arg>
<arg>visible</arg>
<arg>timeout=5s</arg>
<doc>Runs the given keyword with given arguments and returns the status as a Boolean value.</doc>
<status status="NOT RUN" start="2025-04-23T16:49:37.963602" elapsed="0.000123"/>
</kw>
<kw name="Log" owner="BuiltIn">
<arg>Dashboard elements visible: ${isDashboardVisible}</arg>
<doc>Logs the given message with the given level.</doc>
<status status="NOT RUN" start="2025-04-23T16:49:37.963897" elapsed="0.000120"/>
</kw>
<kw name="Run Keyword If" owner="BuiltIn">
<arg>${isDashboardVisible}</arg>
<arg>Log</arg>
<arg>Successfully redirected to dashboard</arg>
<doc>Runs the given keyword with the given arguments, if ``condition`` is true.</doc>
<status status="NOT RUN" start="2025-04-23T16:49:37.964204" elapsed="0.000157"/>
</kw>
<kw name="Run Keyword And Return Status" owner="BuiltIn">
<var>${hasRedirectButton}</var>
<arg>Get Element</arg>
<arg>text="Go to Dashboard" &gt;&gt; visible=true</arg>
<doc>Runs the given keyword with given arguments and returns the status as a Boolean value.</doc>
<status status="NOT RUN" start="2025-04-23T16:49:37.964562" elapsed="0.000140"/>
</kw>
<kw name="Run Keyword If" owner="BuiltIn">
<arg>${hasRedirectButton}</arg>
<arg>Click</arg>
<arg>text="Go to Dashboard"</arg>
<doc>Runs the given keyword with the given arguments, if ``condition`` is true.</doc>
<status status="NOT RUN" start="2025-04-23T16:49:37.964869" elapsed="0.000124"/>
</kw>
<kw name="Wait For Elements State" owner="Browser">
<arg>id=user-greeting</arg>
<arg>visible</arg>
<arg>timeout=5s</arg>
<tag>PageContent</tag>
<tag>Wait</tag>
<doc>Waits for the element found by ``selector`` to satisfy state option.</doc>
<status status="NOT RUN" start="2025-04-23T16:49:37.965122" elapsed="0.000088"/>
</kw>
<kw name="Close Browser" owner="Browser">
<tag>BrowserControl</tag>
<tag>Setter</tag>
<doc>Closes the current browser.</doc>
<status status="NOT RUN" start="2025-04-23T16:49:37.965325" elapsed="0.000087"/>
</kw>
<msg time="2025-04-23T16:49:37.969172" level="INFO">Set timeout to: 10000</msg>
<status status="FAIL" start="2025-04-23T16:49:36.366778" elapsed="1.599003">ValueError: Direct assignment of values or variables as 'secret' is not allowed. Use special variable syntax ($var instead of ${var}) to prevent variable values from being spoiled.</status>
</test>
<status status="FAIL" start="2025-04-23T16:49:35.939710" elapsed="2.030412"/>
</suite>
<statistics>
<total>
<stat pass="0" fail="1" skip="0">All Tests</stat>
</total>
<tag>
</tag>
<suite>
<stat name="Encrypted Login Test" id="s1" pass="0" fail="1" skip="0">Encrypted Login Test</stat>
</suite>
</statistics>
<errors>
<msg time="2025-04-23T16:49:36.366174" level="ERROR">Calling method '_start_suite' of listener 'CryptoLibrary' failed: AttributeError: No password found! Password must be set ahead!</msg>
<msg time="2025-04-23T16:49:36.369792" level="ERROR">Calling method '_start_test' of listener 'CryptoLibrary' failed: AttributeError: No password found! Password must be set ahead!</msg>
<msg time="2025-04-23T16:49:37.958019" level="WARN">No password found! Password must be set ahead!</msg>
</errors>
</robot>
